<?xml version="1.0" encoding="UTF-8"?>
<!-- Generated by org.testng.reporters.JUnitXMLReporter -->
<testsuite hostname="INCHELAP7PWG4D3" ignored="5" tests="0" failures="0" timestamp="28 Mar 2022 10:40:05 GMT" time="0.005" errors="0">
  <testcase name="test1" time="0.0" classname="com.mre.qa.testcases.testclass">
    <ignored/>
  </testcase> <!-- test1 -->
  <testcase name="test3" time="0.0" classname="com.mre.qa.testcases.testclass">
    <ignored/>
  </testcase> <!-- test3 -->
  <testcase name="test2" time="0.0" classname="com.mre.qa.testcases.testclass">
    <ignored/>
  </testcase> <!-- test2 -->
  <testcase name="test5" time="0.0" classname="com.mre.qa.testcases.testclass">
    <ignored/>
  </testcase> <!-- test5 -->
  <testcase name="test4" time="0.0" classname="com.mre.qa.testcases.testclass">
    <ignored/>
  </testcase> <!-- test4 -->
</testsuite>
